<?xml version="1.0" encoding="UTF-8"?>
<!-- Generated by org.testng.reporters.JUnitReportReporter -->
<testsuite hostname="DESKTOP-6E92PP8" failures="0" tests="2" name="com.testng.TestNGAnnotation" time="0.006" errors="0" timestamp="2024-08-21T10:31:04 IST" skipped="0">
  <testcase classname="com.testng.TestNGAnnotation" name="test1" time="0.002"/>
  <testcase classname="com.testng.TestNGAnnotation" name="test" time="0.004"/>
</testsuite> <!-- com.testng.TestNGAnnotation -->
