<?xml version="1.0" encoding="UTF-8"?>
<!-- Generated by org.testng.reporters.JUnitReportReporter -->
<testsuite hostname="Faculty-pc-5" failures="0" tests="4" name="com.testng.TestNGGroup" time="0.006" errors="0" timestamp="2024-08-30T10:56:42 IST" skipped="0">
  <testcase classname="com.testng.TestNGGroup" name="greenandred" time="0.000"/>
  <testcase classname="com.testng.TestNGGroup" name="green2" time="0.000"/>
  <testcase classname="com.testng.TestNGGroup" name="green3" time="0.001"/>
  <testcase classname="com.testng.TestNGGroup" name="green1" time="0.005"/>
</testsuite> <!-- com.testng.TestNGGroup -->
