<?xml version="1.0" encoding="UTF-8"?>
<!-- Generated by org.testng.reporters.JUnitReportReporter -->
<testsuite hostname="DESKTOP-6E92PP8" failures="0" tests="3" name="com.testng.TestngWebdriver" time="6.262" errors="0" timestamp="2024-08-14T10:48:20 IST" skipped="0">
  <testcase classname="com.testng.TestngWebdriver" name="enterUsername" time="2.098"/>
  <testcase classname="com.testng.TestngWebdriver" name="enterPassword" time="2.065"/>
  <testcase classname="com.testng.TestngWebdriver" name="clickLogin" time="2.099"/>
</testsuite> <!-- com.testng.TestngWebdriver -->
