<?xml version="1.0" encoding="UTF-8"?>
<!-- Generated by org.testng.reporters.JUnitReportReporter -->
<testsuite hostname="DESKTOP-6E92PP8" failures="0" tests="4" name="com.testng.TestNGGroup" time="0.010" errors="0" timestamp="2024-08-21T10:40:58 IST" skipped="0">
  <testcase classname="com.testng.TestNGGroup" name="green1" time="0.007"/>
  <testcase classname="com.testng.TestNGGroup" name="green3" time="0.001"/>
  <testcase classname="com.testng.TestNGGroup" name="green2" time="0.001"/>
  <testcase classname="com.testng.TestNGGroup" name="greenandred" time="0.001"/>
</testsuite> <!-- com.testng.TestNGGroup -->
