<?xml version="1.0" encoding="UTF-8"?>
<!-- Generated by org.testng.reporters.JUnitReportReporter -->
<testsuite hostname="DESKTOP-6E92PP8" failures="0" tests="4" name="com.testng.SecondDemo" time="0.010" errors="0" timestamp="2024-08-14T10:38:11 IST" skipped="0">
  <testcase classname="com.testng.SecondDemo" name="fest" time="0.007"/>
  <testcase classname="com.testng.SecondDemo" name="nest" time="0.001"/>
  <testcase classname="com.testng.SecondDemo" name="best" time="0.001"/>
  <testcase classname="com.testng.SecondDemo" name="test" time="0.001"/>
</testsuite> <!-- com.testng.SecondDemo -->
