<?xml version="1.0" encoding="UTF-8"?>
<!-- Generated by org.testng.reporters.JUnitReportReporter -->
<testsuite hostname="DESKTOP-6E92PP8" failures="0" tests="5" name="com.testng.TestngDepends" time="15.434" errors="0" timestamp="2024-08-21T09:48:40 IST" skipped="0">
  <testcase classname="com.testng.TestngDepends" name="enterUsername" time="2.082"/>
  <testcase classname="com.testng.TestngDepends" name="enterPassword" time="2.066"/>
  <testcase classname="com.testng.TestngDepends" name="clickLogin" time="2.086"/>
  <testcase classname="com.testng.TestngDepends" name="before" time="7.034"/>
  <testcase classname="com.testng.TestngDepends" name="after" time="2.166"/>
</testsuite> <!-- com.testng.TestngDepends -->
